{"/home/kachna/workspace/projects/RideTime/components/CountHeader.js": {"path":"/home/kachna/workspace/projects/RideTime/components/CountHeader.js","statementMap":{"0":{"start":{"line":7,"column":4},"end":{"line":12,"column":6}},"1":{"start":{"line":16,"column":15},"end":{"line":24,"column":2}}},"fnMap":{"0":{"name":"(anonymous_0)","decl":{"start":{"line":6,"column":2},"end":{"line":6,"column":3}},"loc":{"start":{"line":6,"column":11},"end":{"line":13,"column":3}},"line":6}},"branchMap":{"0":{"loc":{"start":{"line":10,"column":51},"end":{"line":10,"column":75}},"type":"binary-expr","locations":[{"start":{"line":10,"column":51},"end":{"line":10,"column":68}},{"start":{"line":10,"column":72},"end":{"line":10,"column":75}}],"line":10}},"s":{"0":2,"1":1},"f":{"0":2},"b":{"0":[2,1]},"_coverageSchema":"332fd63041d2c1bcb487cc26dd0d5f7d97098a6c","hash":"30e7020baa3ec2e15e62f7e90e93fdddd9e5d687"}
,"/home/kachna/workspace/projects/RideTime/components/Header.js": {"path":"/home/kachna/workspace/projects/RideTime/components/Header.js","statementMap":{"0":{"start":{"line":7,"column":4},"end":{"line":9,"column":6}},"1":{"start":{"line":13,"column":15},"end":{"line":18,"column":2}}},"fnMap":{"0":{"name":"(anonymous_0)","decl":{"start":{"line":6,"column":2},"end":{"line":6,"column":3}},"loc":{"start":{"line":6,"column":11},"end":{"line":10,"column":3}},"line":6}},"branchMap":{},"s":{"0":4,"1":1},"f":{"0":4},"b":{},"_coverageSchema":"332fd63041d2c1bcb487cc26dd0d5f7d97098a6c","hash":"02ca273998cc9e3b7b60526d2b964bb5731393a1"}
,"/home/kachna/workspace/projects/RideTime/components/RideItemDetail.js": {"path":"/home/kachna/workspace/projects/RideTime/components/RideItemDetail.js","statementMap":{"0":{"start":{"line":11,"column":4},"end":{"line":11,"column":27}},"1":{"start":{"line":12,"column":4},"end":{"line":12,"column":87}},"2":{"start":{"line":14,"column":4},"end":{"line":56,"column":12}},"3":{"start":{"line":60,"column":15},"end":{"line":93,"column":2}}},"fnMap":{"0":{"name":"(anonymous_0)","decl":{"start":{"line":10,"column":2},"end":{"line":10,"column":3}},"loc":{"start":{"line":10,"column":11},"end":{"line":57,"column":3}},"line":10}},"branchMap":{"0":{"loc":{"start":{"line":17,"column":8},"end":{"line":23,"column":24}},"type":"cond-expr","locations":[{"start":{"line":19,"column":10},"end":{"line":21,"column":24}},{"start":{"line":23,"column":10},"end":{"line":23,"column":24}}],"line":17},"1":{"loc":{"start":{"line":17,"column":9},"end":{"line":17,"column":53}},"type":"binary-expr","locations":[{"start":{"line":17,"column":9},"end":{"line":17,"column":29}},{"start":{"line":17,"column":33},"end":{"line":17,"column":53}}],"line":17},"2":{"loc":{"start":{"line":33,"column":17},"end":{"line":33,"column":55}},"type":"cond-expr","locations":[{"start":{"line":33,"column":32},"end":{"line":33,"column":51}},{"start":{"line":33,"column":54},"end":{"line":33,"column":55}}],"line":33}},"s":{"0":0,"1":0,"2":0,"3":1},"f":{"0":0},"b":{"0":[0,0],"1":[0,0],"2":[0,0]},"_coverageSchema":"332fd63041d2c1bcb487cc26dd0d5f7d97098a6c","hash":"398f9964a659b92c76c4e14dc616bafa7fd3ba8d"}
,"/home/kachna/workspace/projects/RideTime/components/RiderCount.js": {"path":"/home/kachna/workspace/projects/RideTime/components/RiderCount.js","statementMap":{"0":{"start":{"line":7,"column":4},"end":{"line":17,"column":6}},"1":{"start":{"line":21,"column":15},"end":{"line":31,"column":2}}},"fnMap":{"0":{"name":"(anonymous_0)","decl":{"start":{"line":6,"column":2},"end":{"line":6,"column":3}},"loc":{"start":{"line":6,"column":11},"end":{"line":18,"column":3}},"line":6}},"branchMap":{"0":{"loc":{"start":{"line":13,"column":11},"end":{"line":13,"column":32}},"type":"binary-expr","locations":[{"start":{"line":13,"column":11},"end":{"line":13,"column":27}},{"start":{"line":13,"column":31},"end":{"line":13,"column":32}}],"line":13}},"s":{"0":0,"1":1},"f":{"0":0},"b":{"0":[0,0]},"_coverageSchema":"332fd63041d2c1bcb487cc26dd0d5f7d97098a6c","hash":"5121f9bd4f321a7f29a03760e45babff31f41fa2"}
,"/home/kachna/workspace/projects/RideTime/components/icons/DifficultyIcon.js": {"path":"/home/kachna/workspace/projects/RideTime/components/icons/DifficultyIcon.js","statementMap":{"0":{"start":{"line":31,"column":4},"end":{"line":31,"column":43}},"1":{"start":{"line":33,"column":4},"end":{"line":33,"column":27}},"2":{"start":{"line":34,"column":4},"end":{"line":44,"column":5}},"3":{"start":{"line":36,"column":8},"end":{"line":36,"column":31}},"4":{"start":{"line":37,"column":8},"end":{"line":37,"column":14}},"5":{"start":{"line":39,"column":8},"end":{"line":39,"column":30}},"6":{"start":{"line":40,"column":8},"end":{"line":40,"column":14}},"7":{"start":{"line":42,"column":8},"end":{"line":42,"column":32}},"8":{"start":{"line":43,"column":8},"end":{"line":43,"column":14}},"9":{"start":{"line":46,"column":4},"end":{"line":46,"column":49}},"10":{"start":{"line":47,"column":4},"end":{"line":49,"column":5}},"11":{"start":{"line":48,"column":6},"end":{"line":48,"column":65}},"12":{"start":{"line":51,"column":4},"end":{"line":56,"column":6}}},"fnMap":{"0":{"name":"(anonymous_0)","decl":{"start":{"line":30,"column":2},"end":{"line":30,"column":3}},"loc":{"start":{"line":30,"column":11},"end":{"line":57,"column":3}},"line":30}},"branchMap":{"0":{"loc":{"start":{"line":34,"column":4},"end":{"line":44,"column":5}},"type":"switch","locations":[{"start":{"line":35,"column":6},"end":{"line":37,"column":14}},{"start":{"line":38,"column":6},"end":{"line":40,"column":14}},{"start":{"line":41,"column":6},"end":{"line":43,"column":14}}],"line":34},"1":{"loc":{"start":{"line":47,"column":4},"end":{"line":49,"column":5}},"type":"if","locations":[{"start":{"line":47,"column":4},"end":{"line":49,"column":5}},{"start":{"line":47,"column":4},"end":{"line":49,"column":5}}],"line":47}},"s":{"0":0,"1":0,"2":0,"3":0,"4":0,"5":0,"6":0,"7":0,"8":0,"9":0,"10":0,"11":0,"12":0},"f":{"0":0},"b":{"0":[0,0,0],"1":[0,0]},"_coverageSchema":"332fd63041d2c1bcb487cc26dd0d5f7d97098a6c","hash":"198ad2d727965e187ab717979ba6b3ba3a8d53e2"}
,"/home/kachna/workspace/projects/RideTime/components/icons/OutlineIcon.js": {"path":"/home/kachna/workspace/projects/RideTime/components/icons/OutlineIcon.js","statementMap":{"0":{"start":{"line":11,"column":4},"end":{"line":13,"column":5}},"1":{"start":{"line":12,"column":6},"end":{"line":12,"column":49}},"2":{"start":{"line":15,"column":4},"end":{"line":15,"column":46}},"3":{"start":{"line":16,"column":4},"end":{"line":16,"column":52}},"4":{"start":{"line":17,"column":4},"end":{"line":17,"column":49}},"5":{"start":{"line":18,"column":4},"end":{"line":21,"column":7}},"6":{"start":{"line":23,"column":4},"end":{"line":26,"column":12}},"7":{"start":{"line":30,"column":21},"end":{"line":40,"column":2}},"8":{"start":{"line":30,"column":43},"end":{"line":40,"column":2}}},"fnMap":{"0":{"name":"(anonymous_0)","decl":{"start":{"line":10,"column":2},"end":{"line":10,"column":3}},"loc":{"start":{"line":10,"column":11},"end":{"line":27,"column":3}},"line":10},"1":{"name":"(anonymous_1)","decl":{"start":{"line":30,"column":21},"end":{"line":30,"column":22}},"loc":{"start":{"line":30,"column":43},"end":{"line":40,"column":2}},"line":30}},"branchMap":{"0":{"loc":{"start":{"line":11,"column":4},"end":{"line":13,"column":5}},"type":"if","locations":[{"start":{"line":11,"column":4},"end":{"line":13,"column":5}},{"start":{"line":11,"column":4},"end":{"line":13,"column":5}}],"line":11},"1":{"loc":{"start":{"line":15,"column":16},"end":{"line":15,"column":45}},"type":"binary-expr","locations":[{"start":{"line":15,"column":16},"end":{"line":15,"column":36}},{"start":{"line":15,"column":40},"end":{"line":15,"column":45}}],"line":15}},"s":{"0":0,"1":0,"2":0,"3":0,"4":0,"5":0,"6":0,"7":1,"8":0},"f":{"0":0,"1":0},"b":{"0":[0,0],"1":[0,0]},"_coverageSchema":"332fd63041d2c1bcb487cc26dd0d5f7d97098a6c","hash":"5b66a4de957fd48abf71584a92679071fa4a775d"}
,"/home/kachna/workspace/projects/RideTime/components/icons/PersonIcon.js": {"path":"/home/kachna/workspace/projects/RideTime/components/icons/PersonIcon.js","statementMap":{"0":{"start":{"line":4,"column":22},"end":{"line":11,"column":1}},"1":{"start":{"line":5,"column":2},"end":{"line":10,"column":8}}},"fnMap":{"0":{"name":"(anonymous_0)","decl":{"start":{"line":4,"column":22},"end":{"line":4,"column":23}},"loc":{"start":{"line":5,"column":2},"end":{"line":10,"column":8}},"line":5}},"branchMap":{},"s":{"0":1,"1":0},"f":{"0":0},"b":{},"_coverageSchema":"332fd63041d2c1bcb487cc26dd0d5f7d97098a6c","hash":"d7d409116aa682516299dbc7ad8f1e89f8ed923f"}
,"/home/kachna/workspace/projects/RideTime/components/icons/RideTimeIcon.js": {"path":"/home/kachna/workspace/projects/RideTime/components/icons/RideTimeIcon.js","statementMap":{"0":{"start":{"line":10,"column":4},"end":{"line":10,"column":27}},"1":{"start":{"line":13,"column":4},"end":{"line":18,"column":6}},"2":{"start":{"line":22,"column":4},"end":{"line":24,"column":5}},"3":{"start":{"line":23,"column":6},"end":{"line":23,"column":59}},"4":{"start":{"line":25,"column":4},"end":{"line":25,"column":39}},"5":{"start":{"line":27,"column":4},"end":{"line":32,"column":6}}},"fnMap":{"0":{"name":"(anonymous_0)","decl":{"start":{"line":9,"column":2},"end":{"line":9,"column":3}},"loc":{"start":{"line":9,"column":18},"end":{"line":19,"column":3}},"line":9},"1":{"name":"(anonymous_1)","decl":{"start":{"line":21,"column":2},"end":{"line":21,"column":3}},"loc":{"start":{"line":21,"column":11},"end":{"line":33,"column":3}},"line":21}},"branchMap":{"0":{"loc":{"start":{"line":22,"column":4},"end":{"line":24,"column":5}},"type":"if","locations":[{"start":{"line":22,"column":4},"end":{"line":24,"column":5}},{"start":{"line":22,"column":4},"end":{"line":24,"column":5}}],"line":22}},"s":{"0":0,"1":0,"2":0,"3":0,"4":0,"5":0},"f":{"0":0,"1":0},"b":{"0":[0,0]},"_coverageSchema":"332fd63041d2c1bcb487cc26dd0d5f7d97098a6c","hash":"cfc1eb17c86dfc23b4def6dd2d79e3dd98580208"}
,"/home/kachna/workspace/projects/RideTime/components/icons/TerrainIcon.js": {"path":"/home/kachna/workspace/projects/RideTime/components/icons/TerrainIcon.js","statementMap":{"0":{"start":{"line":25,"column":4},"end":{"line":25,"column":94}},"1":{"start":{"line":26,"column":4},"end":{"line":28,"column":5}},"2":{"start":{"line":27,"column":6},"end":{"line":27,"column":68}},"3":{"start":{"line":30,"column":4},"end":{"line":35,"column":6}}},"fnMap":{"0":{"name":"(anonymous_0)","decl":{"start":{"line":24,"column":2},"end":{"line":24,"column":3}},"loc":{"start":{"line":24,"column":11},"end":{"line":36,"column":3}},"line":24}},"branchMap":{"0":{"loc":{"start":{"line":25,"column":11},"end":{"line":25,"column":93}},"type":"cond-expr","locations":[{"start":{"line":25,"column":32},"end":{"line":25,"column":62}},{"start":{"line":25,"column":65},"end":{"line":25,"column":93}}],"line":25},"1":{"loc":{"start":{"line":26,"column":4},"end":{"line":28,"column":5}},"type":"if","locations":[{"start":{"line":26,"column":4},"end":{"line":28,"column":5}},{"start":{"line":26,"column":4},"end":{"line":28,"column":5}}],"line":26}},"s":{"0":0,"1":0,"2":0,"3":0},"f":{"0":0},"b":{"0":[0,0],"1":[0,0]},"_coverageSchema":"332fd63041d2c1bcb487cc26dd0d5f7d97098a6c","hash":"5a65cb4b2e5d838b89cc4c71b11fe0b72bacba34"}
,"/home/kachna/workspace/projects/RideTime/components/icons/bike_icons/BikeDownhill.js": {"path":"/home/kachna/workspace/projects/RideTime/components/icons/bike_icons/BikeDownhill.js","statementMap":{"0":{"start":{"line":4,"column":24},"end":{"line":25,"column":1}},"1":{"start":{"line":5,"column":2},"end":{"line":24,"column":8}}},"fnMap":{"0":{"name":"(anonymous_0)","decl":{"start":{"line":4,"column":24},"end":{"line":4,"column":25}},"loc":{"start":{"line":5,"column":2},"end":{"line":24,"column":8}},"line":5}},"branchMap":{},"s":{"0":1,"1":0},"f":{"0":0},"b":{},"_coverageSchema":"332fd63041d2c1bcb487cc26dd0d5f7d97098a6c","hash":"a6d8aca1f76843414afeec6910925c90c37ce84c"}
,"/home/kachna/workspace/projects/RideTime/components/icons/bike_icons/BikeMountain.js": {"path":"/home/kachna/workspace/projects/RideTime/components/icons/bike_icons/BikeMountain.js","statementMap":{"0":{"start":{"line":4,"column":24},"end":{"line":10,"column":1}},"1":{"start":{"line":5,"column":2},"end":{"line":9,"column":8}}},"fnMap":{"0":{"name":"(anonymous_0)","decl":{"start":{"line":4,"column":24},"end":{"line":4,"column":25}},"loc":{"start":{"line":5,"column":2},"end":{"line":9,"column":8}},"line":5}},"branchMap":{},"s":{"0":1,"1":0},"f":{"0":0},"b":{},"_coverageSchema":"332fd63041d2c1bcb487cc26dd0d5f7d97098a6c","hash":"8c44561307f40fbadbec4730b5609960218377a4"}
,"/home/kachna/workspace/projects/RideTime/components/icons/bike_icons/BikeRoad.js": {"path":"/home/kachna/workspace/projects/RideTime/components/icons/bike_icons/BikeRoad.js","statementMap":{"0":{"start":{"line":4,"column":20},"end":{"line":10,"column":1}},"1":{"start":{"line":5,"column":2},"end":{"line":9,"column":8}}},"fnMap":{"0":{"name":"(anonymous_0)","decl":{"start":{"line":4,"column":20},"end":{"line":4,"column":21}},"loc":{"start":{"line":5,"column":2},"end":{"line":9,"column":8}},"line":5}},"branchMap":{},"s":{"0":1,"1":0},"f":{"0":0},"b":{},"_coverageSchema":"332fd63041d2c1bcb487cc26dd0d5f7d97098a6c","hash":"35856abd79cff896230e10f6554d593bc90473c2"}
,"/home/kachna/workspace/projects/RideTime/components/icons/difficulty_icons/SkiTrailRatingSymbolBlackDiamond.js": {"path":"/home/kachna/workspace/projects/RideTime/components/icons/difficulty_icons/SkiTrailRatingSymbolBlackDiamond.js","statementMap":{"0":{"start":{"line":4,"column":44},"end":{"line":8,"column":1}},"1":{"start":{"line":5,"column":2},"end":{"line":7,"column":8}}},"fnMap":{"0":{"name":"(anonymous_0)","decl":{"start":{"line":4,"column":44},"end":{"line":4,"column":45}},"loc":{"start":{"line":5,"column":2},"end":{"line":7,"column":8}},"line":5}},"branchMap":{},"s":{"0":1,"1":0},"f":{"0":0},"b":{},"_coverageSchema":"332fd63041d2c1bcb487cc26dd0d5f7d97098a6c","hash":"09790a3a6ba308c8090f91b5c6ced16e9c376bae"}
,"/home/kachna/workspace/projects/RideTime/components/icons/difficulty_icons/SkiTrailRatingSymbolBlueSquare.js": {"path":"/home/kachna/workspace/projects/RideTime/components/icons/difficulty_icons/SkiTrailRatingSymbolBlueSquare.js","statementMap":{"0":{"start":{"line":4,"column":42},"end":{"line":8,"column":1}},"1":{"start":{"line":5,"column":2},"end":{"line":7,"column":8}}},"fnMap":{"0":{"name":"(anonymous_0)","decl":{"start":{"line":4,"column":42},"end":{"line":4,"column":43}},"loc":{"start":{"line":5,"column":2},"end":{"line":7,"column":8}},"line":5}},"branchMap":{},"s":{"0":1,"1":0},"f":{"0":0},"b":{},"_coverageSchema":"332fd63041d2c1bcb487cc26dd0d5f7d97098a6c","hash":"5045606f2d63d2c6344882767cfc2e538a5c2c8a"}
,"/home/kachna/workspace/projects/RideTime/components/icons/difficulty_icons/SkiTrailRatingSymbolDoubleBlackDiamond.js": {"path":"/home/kachna/workspace/projects/RideTime/components/icons/difficulty_icons/SkiTrailRatingSymbolDoubleBlackDiamond.js","statementMap":{"0":{"start":{"line":4,"column":50},"end":{"line":9,"column":1}},"1":{"start":{"line":5,"column":2},"end":{"line":8,"column":8}}},"fnMap":{"0":{"name":"(anonymous_0)","decl":{"start":{"line":4,"column":50},"end":{"line":4,"column":51}},"loc":{"start":{"line":5,"column":2},"end":{"line":8,"column":8}},"line":5}},"branchMap":{},"s":{"0":1,"1":0},"f":{"0":0},"b":{},"_coverageSchema":"332fd63041d2c1bcb487cc26dd0d5f7d97098a6c","hash":"26ef53d8155787afb905855dbebc95f02288c023"}
,"/home/kachna/workspace/projects/RideTime/components/icons/difficulty_icons/SkiTrailRatingSymbolGreenCircle.js": {"path":"/home/kachna/workspace/projects/RideTime/components/icons/difficulty_icons/SkiTrailRatingSymbolGreenCircle.js","statementMap":{"0":{"start":{"line":4,"column":43},"end":{"line":8,"column":1}},"1":{"start":{"line":5,"column":2},"end":{"line":7,"column":8}}},"fnMap":{"0":{"name":"(anonymous_0)","decl":{"start":{"line":4,"column":43},"end":{"line":4,"column":44}},"loc":{"start":{"line":5,"column":2},"end":{"line":7,"column":8}},"line":5}},"branchMap":{},"s":{"0":1,"1":0},"f":{"0":0},"b":{},"_coverageSchema":"332fd63041d2c1bcb487cc26dd0d5f7d97098a6c","hash":"8699eb88b868743fd02038cfa246a9fc228cf28f"}
,"/home/kachna/workspace/projects/RideTime/components/icons/difficulty_icons/SkiTrailRatingSymbolTerrainPark.js": {"path":"/home/kachna/workspace/projects/RideTime/components/icons/difficulty_icons/SkiTrailRatingSymbolTerrainPark.js","statementMap":{"0":{"start":{"line":4,"column":43},"end":{"line":15,"column":1}},"1":{"start":{"line":5,"column":2},"end":{"line":14,"column":8}}},"fnMap":{"0":{"name":"(anonymous_0)","decl":{"start":{"line":4,"column":43},"end":{"line":4,"column":44}},"loc":{"start":{"line":5,"column":2},"end":{"line":14,"column":8}},"line":5}},"branchMap":{},"s":{"0":1,"1":0},"f":{"0":0},"b":{},"_coverageSchema":"332fd63041d2c1bcb487cc26dd0d5f7d97098a6c","hash":"6f6edeacb46e2bbea598baec0c1ede95d5e9707d"}
,"/home/kachna/workspace/projects/RideTime/components/list_items/LocationItem.js": {"path":"/home/kachna/workspace/projects/RideTime/components/list_items/LocationItem.js","statementMap":{"0":{"start":{"line":7,"column":4},"end":{"line":14,"column":6}},"1":{"start":{"line":18,"column":15},"end":{"line":27,"column":2}}},"fnMap":{"0":{"name":"(anonymous_0)","decl":{"start":{"line":6,"column":2},"end":{"line":6,"column":3}},"loc":{"start":{"line":6,"column":11},"end":{"line":15,"column":3}},"line":6}},"branchMap":{},"s":{"0":1,"1":1},"f":{"0":1},"b":{},"_coverageSchema":"332fd63041d2c1bcb487cc26dd0d5f7d97098a6c","hash":"73f0316ad8e352aaf1ceba2dbf7c91c46fd007c7"}
,"/home/kachna/workspace/projects/RideTime/components/list_items/RideItem.js": {"path":"/home/kachna/workspace/projects/RideTime/components/list_items/RideItem.js","statementMap":{"0":{"start":{"line":8,"column":4},"end":{"line":18,"column":6}},"1":{"start":{"line":22,"column":15},"end":{"line":31,"column":2}}},"fnMap":{"0":{"name":"(anonymous_0)","decl":{"start":{"line":7,"column":2},"end":{"line":7,"column":3}},"loc":{"start":{"line":7,"column":11},"end":{"line":19,"column":3}},"line":7}},"branchMap":{},"s":{"0":2,"1":1},"f":{"0":2},"b":{},"_coverageSchema":"332fd63041d2c1bcb487cc26dd0d5f7d97098a6c","hash":"eecaabe24572a9e2b935783518fde2dd318f4284"}
,"/home/kachna/workspace/projects/RideTime/constants/Colors.js": {"path":"/home/kachna/workspace/projects/RideTime/constants/Colors.js","statementMap":{"0":{"start":{"line":1,"column":18},"end":{"line":1,"column":27}}},"fnMap":{},"branchMap":{},"s":{"0":1},"f":{},"b":{},"_coverageSchema":"332fd63041d2c1bcb487cc26dd0d5f7d97098a6c","hash":"902783516ec405100fca8c328e09aa4688ad7f7b"}
,"/home/kachna/workspace/projects/RideTime/constants/Layout.js": {"path":"/home/kachna/workspace/projects/RideTime/constants/Layout.js","statementMap":{"0":{"start":{"line":7,"column":14},"end":{"line":7,"column":44}},"1":{"start":{"line":8,"column":15},"end":{"line":8,"column":46}}},"fnMap":{},"branchMap":{},"s":{"0":4,"1":4},"f":{},"b":{},"_coverageSchema":"332fd63041d2c1bcb487cc26dd0d5f7d97098a6c","hash":"4e1034bbfc972e835d251e8bc883a7fbe200208a"}
}
