{"total": {"lines":{"total":208,"covered":74,"skipped":0,"pct":35.58},"statements":{"total":211,"covered":75,"skipped":0,"pct":35.55},"functions":{"total":86,"covered":39,"skipped":0,"pct":45.35},"branches":{"total":49,"covered":12,"skipped":0,"pct":24.49}}
,"/home/kachna/workspace/projects/RideTime/secrets.js": {"lines":{"total":4,"covered":4,"skipped":0,"pct":100},"functions":{"total":0,"covered":0,"skipped":0,"pct":100},"statements":{"total":4,"covered":4,"skipped":0,"pct":100},"branches":{"total":0,"covered":0,"skipped":0,"pct":100}}
,"/home/kachna/workspace/projects/RideTime/components/CountHeader.js": {"lines":{"total":2,"covered":2,"skipped":0,"pct":100},"functions":{"total":1,"covered":1,"skipped":0,"pct":100},"statements":{"total":2,"covered":2,"skipped":0,"pct":100},"branches":{"total":2,"covered":2,"skipped":0,"pct":100}}
,"/home/kachna/workspace/projects/RideTime/components/Header.js": {"lines":{"total":2,"covered":2,"skipped":0,"pct":100},"functions":{"total":1,"covered":1,"skipped":0,"pct":100},"statements":{"total":2,"covered":2,"skipped":0,"pct":100},"branches":{"total":0,"covered":0,"skipped":0,"pct":100}}
,"/home/kachna/workspace/projects/RideTime/components/LocationItemDetail.js": {"lines":{"total":2,"covered":2,"skipped":0,"pct":100},"functions":{"total":1,"covered":1,"skipped":0,"pct":100},"statements":{"total":2,"covered":2,"skipped":0,"pct":100},"branches":{"total":0,"covered":0,"skipped":0,"pct":100}}
,"/home/kachna/workspace/projects/RideTime/components/list_items/LocationItem.js": {"lines":{"total":3,"covered":3,"skipped":0,"pct":100},"functions":{"total":1,"covered":1,"skipped":0,"pct":100},"statements":{"total":3,"covered":3,"skipped":0,"pct":100},"branches":{"total":0,"covered":0,"skipped":0,"pct":100}}
,"/home/kachna/workspace/projects/RideTime/components/list_items/RideItem.js": {"lines":{"total":2,"covered":2,"skipped":0,"pct":100},"functions":{"total":1,"covered":1,"skipped":0,"pct":100},"statements":{"total":2,"covered":2,"skipped":0,"pct":100},"branches":{"total":0,"covered":0,"skipped":0,"pct":100}}
,"/home/kachna/workspace/projects/RideTime/constants/Env.js": {"lines":{"total":8,"covered":5,"skipped":0,"pct":62.5},"functions":{"total":2,"covered":1,"skipped":0,"pct":50},"statements":{"total":8,"covered":5,"skipped":0,"pct":62.5},"branches":{"total":6,"covered":2,"skipped":0,"pct":33.33}}
,"/home/kachna/workspace/projects/RideTime/constants/Layout.js": {"lines":{"total":2,"covered":2,"skipped":0,"pct":100},"functions":{"total":0,"covered":0,"skipped":0,"pct":100},"statements":{"total":2,"covered":2,"skipped":0,"pct":100},"branches":{"total":0,"covered":0,"skipped":0,"pct":100}}
,"/home/kachna/workspace/projects/RideTime/providers/RidersProvider.js": {"lines":{"total":4,"covered":0,"skipped":0,"pct":0},"functions":{"total":4,"covered":0,"skipped":0,"pct":0},"statements":{"total":4,"covered":0,"skipped":0,"pct":0},"branches":{"total":0,"covered":0,"skipped":0,"pct":100}}
,"/home/kachna/workspace/projects/RideTime/src/AppError.js": {"lines":{"total":11,"covered":0,"skipped":0,"pct":0},"functions":{"total":3,"covered":0,"skipped":0,"pct":0},"statements":{"total":11,"covered":0,"skipped":0,"pct":0},"branches":{"total":4,"covered":0,"skipped":0,"pct":0}}
,"/home/kachna/workspace/projects/RideTime/src/Authentication.js": {"lines":{"total":23,"covered":0,"skipped":0,"pct":0},"functions":{"total":6,"covered":0,"skipped":0,"pct":0},"statements":{"total":23,"covered":0,"skipped":0,"pct":0},"branches":{"total":4,"covered":0,"skipped":0,"pct":0}}
,"/home/kachna/workspace/projects/RideTime/src/Connection.js": {"lines":{"total":44,"covered":8,"skipped":0,"pct":18.18},"functions":{"total":12,"covered":0,"skipped":0,"pct":0},"statements":{"total":44,"covered":8,"skipped":0,"pct":18.18},"branches":{"total":5,"covered":0,"skipped":0,"pct":0}}
,"/home/kachna/workspace/projects/RideTime/src/NetworkError.js": {"lines":{"total":5,"covered":0,"skipped":0,"pct":0},"functions":{"total":3,"covered":0,"skipped":0,"pct":0},"statements":{"total":5,"covered":0,"skipped":0,"pct":0},"branches":{"total":0,"covered":0,"skipped":0,"pct":100}}
,"/home/kachna/workspace/projects/RideTime/stores/ApplicationStore.mobx.js": {"lines":{"total":15,"covered":0,"skipped":0,"pct":0},"functions":{"total":6,"covered":0,"skipped":0,"pct":0},"statements":{"total":15,"covered":0,"skipped":0,"pct":0},"branches":{"total":4,"covered":0,"skipped":0,"pct":0}}
,"/home/kachna/workspace/projects/RideTime/stores/ApplicationStore.singleton.js": {"lines":{"total":4,"covered":4,"skipped":0,"pct":100},"functions":{"total":1,"covered":1,"skipped":0,"pct":100},"statements":{"total":4,"covered":4,"skipped":0,"pct":100},"branches":{"total":0,"covered":0,"skipped":0,"pct":100}}
,"/home/kachna/workspace/projects/RideTime/stores/BaseCollectionStore.js": {"lines":{"total":12,"covered":6,"skipped":0,"pct":50},"functions":{"total":8,"covered":4,"skipped":0,"pct":50},"statements":{"total":15,"covered":7,"skipped":0,"pct":46.67},"branches":{"total":4,"covered":2,"skipped":0,"pct":50}}
,"/home/kachna/workspace/projects/RideTime/stores/BaseEntity.js": {"lines":{"total":11,"covered":9,"skipped":0,"pct":81.82},"functions":{"total":6,"covered":5,"skipped":0,"pct":83.33},"statements":{"total":11,"covered":9,"skipped":0,"pct":81.82},"branches":{"total":6,"covered":5,"skipped":0,"pct":83.33}}
,"/home/kachna/workspace/projects/RideTime/stores/UserStore.mobx.js": {"lines":{"total":54,"covered":25,"skipped":0,"pct":46.3},"functions":{"total":30,"covered":23,"skipped":0,"pct":76.67},"statements":{"total":54,"covered":25,"skipped":0,"pct":46.3},"branches":{"total":14,"covered":1,"skipped":0,"pct":7.14}}
}
